2018-04-04 16:39:32,383 INFO  [org.alfresco.repo.admin] [localhost-startStop-1] Using database URL 'jdbc:h2:D:\Git\alfresco-mvc-sample\alfresco-mvc-aop-sample/alf_data_dev/h2_data/alf_dev;AUTO_SERVER=TRUE;DB_CLOSE_ON_EXIT=FALSE;LOCK_TIMEOUT=10000;MVCC=FALSE;LOCK_MODE=0' with user 'alfresco'.
2018-04-04 16:39:32,385 INFO  [org.alfresco.repo.admin] [localhost-startStop-1] Connected to database H2 version 1.4.190 (2015-10-11)
2018-04-04 16:39:36,675 INFO  [org.alfresco.repo.domain.schema.SchemaBootstrap] [localhost-startStop-1] Ignoring script patch (post-Hibernate): patch.db-V4.2-metadata-query-indexes
2018-04-04 16:39:36,675 INFO  [org.alfresco.repo.domain.schema.SchemaBootstrap] [localhost-startStop-1] Ignoring script patch (post-Hibernate): patch.db-V5.1-metadata-query-indexes
2018-04-04 16:39:36,675 INFO  [org.alfresco.repo.domain.schema.SchemaBootstrap] [localhost-startStop-1] Ignoring script patch (post-Hibernate): patch.db-V5.2-remove-jbpm-tables-from-db
2018-04-04 16:39:42,347 INFO  [org.alfresco.repo.management.subsystems.ChildApplicationContextFactory] [localhost-startStop-1] Starting 'Authentication' subsystem, ID: [Authentication, managed, alfrescoNtlm1]
2018-04-04 16:39:42,518 INFO  [org.alfresco.repo.management.subsystems.ChildApplicationContextFactory] [localhost-startStop-1] Startup of 'Authentication' subsystem, ID: [Authentication, managed, alfrescoNtlm1] complete
2018-04-04 16:39:45,052 INFO  [org.springframework.extensions.webscripts.TemplateProcessorRegistry] [localhost-startStop-1] Registered template processor Repository Template Processor for extension ftl
2018-04-04 16:39:45,054 INFO  [org.springframework.extensions.webscripts.ScriptProcessorRegistry] [localhost-startStop-1] Registered script processor Repository Script Processor for extension js
2018-04-04 16:39:47,337 INFO  [org.alfresco.repo.management.subsystems.ChildApplicationContextFactory] [localhost-startStop-1] Starting 'ContentStore' subsystem, ID: [ContentStore, managed, unencrypted]
2018-04-04 16:39:47,373 INFO  [org.alfresco.repo.management.subsystems.ChildApplicationContextFactory] [localhost-startStop-1] Startup of 'ContentStore' subsystem, ID: [ContentStore, managed, unencrypted] complete
2018-04-04 16:39:47,421 INFO  [org.alfresco.repo.domain.schema.SchemaBootstrap] [localhost-startStop-1] Connecting to database: jdbc:h2:D:\Git\alfresco-mvc-sample\alfresco-mvc-aop-sample/alf_data_dev/h2_data/alf_dev, UserName=ALFRESCO, H2 JDBC Driver
2018-04-04 16:39:47,421 INFO  [org.alfresco.repo.domain.schema.SchemaBootstrap] [localhost-startStop-1] Schema managed by database dialect org.hibernate.dialect.H2Dialect.
2018-04-04 16:39:47,521 WARN  [org.alfresco.repo.domain.schema.SchemaBootstrap] [localhost-startStop-1] Schema validation found 85 potential problems, results written to: C:\Users\Korisnik\AppData\Local\Temp\Alfresco\Alfresco-H2Dialect-Validation-Pre-Upgrade-alf_-4962079044923984999.txt
2018-04-04 16:39:47,534 WARN  [org.alfresco.repo.domain.schema.SchemaBootstrap] [localhost-startStop-1] Schema validation found 26 potential problems, results written to: C:\Users\Korisnik\AppData\Local\Temp\Alfresco\Alfresco-H2Dialect-Validation-Pre-Upgrade-act_-5758774821829992021.txt
2018-04-04 16:39:47,595 INFO  [org.alfresco.repo.domain.schema.SchemaBootstrap] [localhost-startStop-1] Normalized schema dumped to file C:\Users\Korisnik\AppData\Local\Temp\Alfresco\Alfresco-schema-H2Dialect-pre-upgrade-alf_-5365866019567716579.xml.
2018-04-04 16:39:47,596 INFO  [org.alfresco.repo.domain.schema.SchemaBootstrap] [localhost-startStop-1] Normalized schema dumped to file C:\Users\Korisnik\AppData\Local\Temp\Alfresco\Alfresco-schema-H2Dialect-pre-upgrade-act_-5086731786914470483.xml.
2018-04-04 16:39:47,599 INFO  [org.alfresco.repo.domain.schema.SchemaBootstrap] [localhost-startStop-1] Executing database script C:\Users\Korisnik\AppData\Local\Temp\Alfresco\AlfrescoSchema-H2Dialect-Update-1567861398722876559.sql (Copied from classpath:alfresco/dbscripts/create/org.hibernate.dialect.H2Dialect/AlfrescoCreate-RepoTables.sql).
2018-04-04 16:39:47,681 INFO  [org.alfresco.repo.domain.schema.SchemaBootstrap] [localhost-startStop-1] Executing database script C:\Users\Korisnik\AppData\Local\Temp\Alfresco\AlfrescoSchema-H2Dialect-Update-6389162283835556637.sql (Copied from classpath:alfresco/dbscripts/create/org.hibernate.dialect.H2Dialect/AlfrescoCreate-LockTables.sql).
2018-04-04 16:39:47,693 INFO  [org.alfresco.repo.domain.schema.SchemaBootstrap] [localhost-startStop-1] Executing database script C:\Users\Korisnik\AppData\Local\Temp\Alfresco\AlfrescoSchema-H2Dialect-Update-2639397983969700108.sql (Copied from classpath:alfresco/dbscripts/create/org.hibernate.dialect.H2Dialect/AlfrescoCreate-ContentTables.sql).
2018-04-04 16:39:47,709 INFO  [org.alfresco.repo.domain.schema.SchemaBootstrap] [localhost-startStop-1] Executing database script C:\Users\Korisnik\AppData\Local\Temp\Alfresco\AlfrescoSchema-H2Dialect-Update-8739955128615624393.sql (Copied from classpath:alfresco/dbscripts/create/org.hibernate.dialect.H2Dialect/AlfrescoCreate-PropertyValueTables.sql).
2018-04-04 16:39:47,729 INFO  [org.alfresco.repo.domain.schema.SchemaBootstrap] [localhost-startStop-1] Executing database script C:\Users\Korisnik\AppData\Local\Temp\Alfresco\AlfrescoSchema-H2Dialect-Update-4200420787892317774.sql (Copied from classpath:alfresco/dbscripts/create/org.hibernate.dialect.H2Dialect/AlfrescoCreate-ContentUrlEncryptionTables.sql).
2018-04-04 16:39:47,739 INFO  [org.alfresco.repo.domain.schema.SchemaBootstrap] [localhost-startStop-1] Executing database script C:\Users\Korisnik\AppData\Local\Temp\Alfresco\AlfrescoSchema-H2Dialect-Update-8593960487898029258.sql (Copied from classpath:alfresco/dbscripts/create/org.hibernate.dialect.H2Dialect/AlfrescoCreate-AuditTables.sql).
2018-04-04 16:39:47,750 INFO  [org.alfresco.repo.domain.schema.SchemaBootstrap] [localhost-startStop-1] Executing database script C:\Users\Korisnik\AppData\Local\Temp\Alfresco\AlfrescoSchema-H2Dialect-Update-8309101609652979101.sql (Copied from classpath:alfresco/dbscripts/create/org.hibernate.dialect.H2Dialect/AlfrescoCreate-ActivityTables.sql).
2018-04-04 16:39:47,762 INFO  [org.alfresco.repo.domain.schema.SchemaBootstrap] [localhost-startStop-1] Executing database script C:\Users\Korisnik\AppData\Local\Temp\Alfresco\AlfrescoSchema-H2Dialect-Update-1157243792444582563.sql (Copied from classpath:alfresco/dbscripts/create/org.hibernate.dialect.H2Dialect/AlfrescoCreate-UsageTables.sql).
2018-04-04 16:39:47,768 INFO  [org.alfresco.repo.domain.schema.SchemaBootstrap] [localhost-startStop-1] Executing database script C:\Users\Korisnik\AppData\Local\Temp\Alfresco\AlfrescoSchema-H2Dialect-Update-274165079198607938.sql (Copied from classpath:alfresco/dbscripts/create/org.hibernate.dialect.H2Dialect/AlfrescoCreate-SubscriptionTables.sql).
2018-04-04 16:39:47,779 INFO  [org.alfresco.repo.domain.schema.SchemaBootstrap] [localhost-startStop-1] Executing database script C:\Users\Korisnik\AppData\Local\Temp\Alfresco\AlfrescoSchema-H2Dialect-Update-1666966875134257397.sql (Copied from classpath:alfresco/dbscripts/create/org.hibernate.dialect.H2Dialect/AlfrescoCreate-TenantTables.sql).
2018-04-04 16:39:47,783 INFO  [org.alfresco.repo.domain.schema.SchemaBootstrap] [localhost-startStop-1] Executing database script C:\Users\Korisnik\AppData\Local\Temp\Alfresco\AlfrescoSchema-H2Dialect-Update-7717150675054415092.sql (Copied from classpath:alfresco/dbscripts/create/org.hibernate.dialect.H2Dialect/AlfrescoCreate-AuthorizationTables.sql).
2018-04-04 16:39:47,788 INFO  [org.alfresco.repo.domain.schema.SchemaBootstrap] [localhost-startStop-1] Create scripts executed in 338 ms
2018-04-04 16:39:48,153 INFO  [org.alfresco.repo.domain.schema.SchemaBootstrap] [localhost-startStop-1] All executed statements:  C:\Users\Korisnik\AppData\Local\Temp\Alfresco\AlfrescoSchema-H2Dialect-All_Statements-2969580768642798066.sql.
2018-04-04 16:39:48,423 WARN  [org.alfresco.repo.domain.schema.SchemaBootstrap] [localhost-startStop-1] Schema validation found 754 potential problems, results written to: C:\Users\Korisnik\AppData\Local\Temp\Alfresco\Alfresco-H2Dialect-Validation-Post-Upgrade-alf_-8442709288936926387.txt
2018-04-04 16:39:48,529 WARN  [org.alfresco.repo.domain.schema.SchemaBootstrap] [localhost-startStop-1] Schema validation found 275 potential problems, results written to: C:\Users\Korisnik\AppData\Local\Temp\Alfresco\Alfresco-H2Dialect-Validation-Post-Upgrade-act_-119126828899324527.txt
2018-04-04 16:39:48,746 INFO  [org.alfresco.repo.domain.schema.SchemaBootstrap] [localhost-startStop-1] Normalized schema dumped to file C:\Users\Korisnik\AppData\Local\Temp\Alfresco\Alfresco-schema-H2Dialect-post-upgrade-alf_-6879502601177644609.xml.
2018-04-04 16:39:48,746 INFO  [org.alfresco.repo.domain.schema.SchemaBootstrap] [localhost-startStop-1] Normalized schema dumped to file C:\Users\Korisnik\AppData\Local\Temp\Alfresco\Alfresco-schema-H2Dialect-post-upgrade-act_-8421490525905761447.xml.
2018-04-04 16:39:48,941 INFO  [org.alfresco.repo.management.subsystems.ChildApplicationContextFactory] [localhost-startStop-1] Starting 'Search' subsystem, ID: [Search, managed, solr4]
2018-04-04 16:39:49,197 INFO  [org.alfresco.repo.management.subsystems.ChildApplicationContextFactory] [localhost-startStop-1] Startup of 'Search' subsystem, ID: [Search, managed, solr4] complete
